[0.586s] DEBUG:colcon:Command line arguments: ['/usr/bin/colcon', 'build']
[0.586s] DEBUG:colcon:Parsed command line arguments: Namespace(log_base=None, log_level=None, verb_name='build', build_base='build', install_base='install', merge_install=False, symlink_install=False, test_result_base=None, continue_on_error=False, executor='parallel', parallel_workers=20, event_handlers=None, ignore_user_meta=False, metas=['./colcon.meta'], base_paths=['.'], packages_ignore=None, packages_ignore_regex=None, paths=None, packages_up_to=None, packages_up_to_regex=None, packages_above=None, packages_above_and_dependencies=None, packages_above_depth=None, packages_select_by_dep=None, packages_skip_by_dep=None, packages_skip_up_to=None, packages_select_build_failed=False, packages_skip_build_finished=False, packages_select_test_failures=False, packages_skip_test_passed=False, packages_select=None, packages_skip=None, packages_select_regex=None, packages_skip_regex=None, packages_start=None, packages_end=None, allow_overriding=[], cmake_args=None, cmake_target=None, cmake_target_skip_unavailable=False, cmake_clean_cache=False, cmake_clean_first=False, cmake_force_configure=False, ament_cmake_args=None, catkin_cmake_args=None, catkin_skip_building_tests=False, verb_parser=<colcon_defaults.argument_parser.defaults.DefaultArgumentsDecorator object at 0x730e2b61f2e0>, verb_extension=<colcon_core.verb.build.BuildVerb object at 0x730e2b61ece0>, main=<bound method BuildVerb.main of <colcon_core.verb.build.BuildVerb object at 0x730e2b61ece0>>)
[0.821s] Level 1:colcon.colcon_core.package_discovery:discover_packages(colcon_meta) check parameters
[0.821s] Level 1:colcon.colcon_core.package_discovery:discover_packages(recursive) check parameters
[0.821s] Level 1:colcon.colcon_core.package_discovery:discover_packages(ignore) check parameters
[0.821s] Level 1:colcon.colcon_core.package_discovery:discover_packages(path) check parameters
[0.821s] Level 1:colcon.colcon_core.package_discovery:discover_packages(colcon_meta) discover
[0.821s] Level 1:colcon.colcon_core.package_discovery:discover_packages(recursive) discover
[0.821s] INFO:colcon.colcon_core.package_discovery:Crawling recursively for packages in '/home/chenyihong/桌面/w2'
[0.821s] Level 1:colcon.colcon_core.package_identification:_identify(.) by extensions ['ignore', 'ignore_ament_install']
[0.821s] Level 1:colcon.colcon_core.package_identification:_identify(.) by extension 'ignore'
[0.821s] Level 1:colcon.colcon_core.package_identification:_identify(.) by extension 'ignore_ament_install'
[0.821s] Level 1:colcon.colcon_core.package_identification:_identify(.) by extensions ['colcon_pkg']
[0.821s] Level 1:colcon.colcon_core.package_identification:_identify(.) by extension 'colcon_pkg'
[0.821s] Level 1:colcon.colcon_core.package_identification:_identify(.) by extensions ['colcon_meta']
[0.821s] Level 1:colcon.colcon_core.package_identification:_identify(.) by extension 'colcon_meta'
[0.821s] Level 1:colcon.colcon_core.package_identification:_identify(.) by extensions ['ros']
[0.821s] Level 1:colcon.colcon_core.package_identification:_identify(.) by extension 'ros'
[0.827s] Level 1:colcon.colcon_core.package_identification:_identify(.) by extensions ['cmake', 'python']
[0.827s] Level 1:colcon.colcon_core.package_identification:_identify(.) by extension 'cmake'
[0.827s] Level 1:colcon.colcon_core.package_identification:_identify(.) by extension 'python'
[0.827s] Level 1:colcon.colcon_core.package_identification:_identify(.) by extensions ['python_setup_py']
[0.827s] Level 1:colcon.colcon_core.package_identification:_identify(.) by extension 'python_setup_py'
[0.827s] Level 1:colcon.colcon_core.package_identification:_identify(build) by extensions ['ignore', 'ignore_ament_install']
[0.827s] Level 1:colcon.colcon_core.package_identification:_identify(build) by extension 'ignore'
[0.827s] Level 1:colcon.colcon_core.package_identification:_identify(build) ignored
[0.827s] Level 1:colcon.colcon_core.package_identification:_identify(install) by extensions ['ignore', 'ignore_ament_install']
[0.827s] Level 1:colcon.colcon_core.package_identification:_identify(install) by extension 'ignore'
[0.827s] Level 1:colcon.colcon_core.package_identification:_identify(install) ignored
[0.827s] Level 1:colcon.colcon_core.package_identification:_identify(log) by extensions ['ignore', 'ignore_ament_install']
[0.827s] Level 1:colcon.colcon_core.package_identification:_identify(log) by extension 'ignore'
[0.827s] Level 1:colcon.colcon_core.package_identification:_identify(log) ignored
[0.827s] Level 1:colcon.colcon_core.package_identification:_identify(ros2_test) by extensions ['ignore', 'ignore_ament_install']
[0.827s] Level 1:colcon.colcon_core.package_identification:_identify(ros2_test) by extension 'ignore'
[0.827s] Level 1:colcon.colcon_core.package_identification:_identify(ros2_test) by extension 'ignore_ament_install'
[0.827s] Level 1:colcon.colcon_core.package_identification:_identify(ros2_test) by extensions ['colcon_pkg']
[0.827s] Level 1:colcon.colcon_core.package_identification:_identify(ros2_test) by extension 'colcon_pkg'
[0.827s] Level 1:colcon.colcon_core.package_identification:_identify(ros2_test) by extensions ['colcon_meta']
[0.827s] Level 1:colcon.colcon_core.package_identification:_identify(ros2_test) by extension 'colcon_meta'
[0.827s] Level 1:colcon.colcon_core.package_identification:_identify(ros2_test) by extensions ['ros']
[0.828s] Level 1:colcon.colcon_core.package_identification:_identify(ros2_test) by extension 'ros'
[0.828s] Level 1:colcon.colcon_core.package_identification:_identify(ros2_test) by extensions ['cmake', 'python']
[0.828s] Level 1:colcon.colcon_core.package_identification:_identify(ros2_test) by extension 'cmake'
[0.828s] Level 1:colcon.colcon_core.package_identification:_identify(ros2_test) by extension 'python'
[0.828s] Level 1:colcon.colcon_core.package_identification:_identify(ros2_test) by extensions ['python_setup_py']
[0.828s] Level 1:colcon.colcon_core.package_identification:_identify(ros2_test) by extension 'python_setup_py'
[0.828s] Level 1:colcon.colcon_core.package_identification:_identify(ros2_test/build) by extensions ['ignore', 'ignore_ament_install']
[0.828s] Level 1:colcon.colcon_core.package_identification:_identify(ros2_test/build) by extension 'ignore'
[0.828s] Level 1:colcon.colcon_core.package_identification:_identify(ros2_test/build) ignored
[0.828s] Level 1:colcon.colcon_core.package_identification:_identify(ros2_test/install) by extensions ['ignore', 'ignore_ament_install']
[0.828s] Level 1:colcon.colcon_core.package_identification:_identify(ros2_test/install) by extension 'ignore'
[0.828s] Level 1:colcon.colcon_core.package_identification:_identify(ros2_test/install) ignored
[0.828s] Level 1:colcon.colcon_core.package_identification:_identify(ros2_test/log) by extensions ['ignore', 'ignore_ament_install']
[0.828s] Level 1:colcon.colcon_core.package_identification:_identify(ros2_test/log) by extension 'ignore'
[0.828s] Level 1:colcon.colcon_core.package_identification:_identify(ros2_test/log) ignored
[0.828s] Level 1:colcon.colcon_core.package_identification:_identify(ros2_test/src) by extensions ['ignore', 'ignore_ament_install']
[0.828s] Level 1:colcon.colcon_core.package_identification:_identify(ros2_test/src) by extension 'ignore'
[0.828s] Level 1:colcon.colcon_core.package_identification:_identify(ros2_test/src) by extension 'ignore_ament_install'
[0.828s] Level 1:colcon.colcon_core.package_identification:_identify(ros2_test/src) by extensions ['colcon_pkg']
[0.828s] Level 1:colcon.colcon_core.package_identification:_identify(ros2_test/src) by extension 'colcon_pkg'
[0.828s] Level 1:colcon.colcon_core.package_identification:_identify(ros2_test/src) by extensions ['colcon_meta']
[0.828s] Level 1:colcon.colcon_core.package_identification:_identify(ros2_test/src) by extension 'colcon_meta'
[0.828s] Level 1:colcon.colcon_core.package_identification:_identify(ros2_test/src) by extensions ['ros']
[0.828s] Level 1:colcon.colcon_core.package_identification:_identify(ros2_test/src) by extension 'ros'
[0.828s] Level 1:colcon.colcon_core.package_identification:_identify(ros2_test/src) by extensions ['cmake', 'python']
[0.828s] Level 1:colcon.colcon_core.package_identification:_identify(ros2_test/src) by extension 'cmake'
[0.828s] Level 1:colcon.colcon_core.package_identification:_identify(ros2_test/src) by extension 'python'
[0.828s] Level 1:colcon.colcon_core.package_identification:_identify(ros2_test/src) by extensions ['python_setup_py']
[0.828s] Level 1:colcon.colcon_core.package_identification:_identify(ros2_test/src) by extension 'python_setup_py'
[0.828s] Level 1:colcon.colcon_core.package_identification:_identify(ros2_test/src/prarms) by extensions ['ignore', 'ignore_ament_install']
[0.828s] Level 1:colcon.colcon_core.package_identification:_identify(ros2_test/src/prarms) by extension 'ignore'
[0.828s] Level 1:colcon.colcon_core.package_identification:_identify(ros2_test/src/prarms) by extension 'ignore_ament_install'
[0.828s] Level 1:colcon.colcon_core.package_identification:_identify(ros2_test/src/prarms) by extensions ['colcon_pkg']
[0.828s] Level 1:colcon.colcon_core.package_identification:_identify(ros2_test/src/prarms) by extension 'colcon_pkg'
[0.828s] Level 1:colcon.colcon_core.package_identification:_identify(ros2_test/src/prarms) by extensions ['colcon_meta']
[0.828s] Level 1:colcon.colcon_core.package_identification:_identify(ros2_test/src/prarms) by extension 'colcon_meta'
[0.828s] Level 1:colcon.colcon_core.package_identification:_identify(ros2_test/src/prarms) by extensions ['ros']
[0.828s] Level 1:colcon.colcon_core.package_identification:_identify(ros2_test/src/prarms) by extension 'ros'
[0.828s] Level 1:colcon.colcon_core.package_identification:_identify(ros2_test/src/prarms) by extensions ['cmake', 'python']
[0.828s] Level 1:colcon.colcon_core.package_identification:_identify(ros2_test/src/prarms) by extension 'cmake'
[0.828s] Level 1:colcon.colcon_core.package_identification:_identify(ros2_test/src/prarms) by extension 'python'
[0.828s] Level 1:colcon.colcon_core.package_identification:_identify(ros2_test/src/prarms) by extensions ['python_setup_py']
[0.828s] Level 1:colcon.colcon_core.package_identification:_identify(ros2_test/src/prarms) by extension 'python_setup_py'
[0.828s] Level 1:colcon.colcon_core.package_identification:_identify(ros2_test/src/training_pkg) by extensions ['ignore', 'ignore_ament_install']
[0.828s] Level 1:colcon.colcon_core.package_identification:_identify(ros2_test/src/training_pkg) by extension 'ignore'
[0.828s] Level 1:colcon.colcon_core.package_identification:_identify(ros2_test/src/training_pkg) by extension 'ignore_ament_install'
[0.829s] Level 1:colcon.colcon_core.package_identification:_identify(ros2_test/src/training_pkg) by extensions ['colcon_pkg']
[0.829s] Level 1:colcon.colcon_core.package_identification:_identify(ros2_test/src/training_pkg) by extension 'colcon_pkg'
[0.829s] Level 1:colcon.colcon_core.package_identification:_identify(ros2_test/src/training_pkg) by extensions ['colcon_meta']
[0.829s] Level 1:colcon.colcon_core.package_identification:_identify(ros2_test/src/training_pkg) by extension 'colcon_meta'
[0.829s] Level 1:colcon.colcon_core.package_identification:_identify(ros2_test/src/training_pkg) by extensions ['ros']
[0.829s] Level 1:colcon.colcon_core.package_identification:_identify(ros2_test/src/training_pkg) by extension 'ros'
[0.830s] DEBUG:colcon.colcon_core.package_identification:Package 'ros2_test/src/training_pkg' with type 'ros.ament_cmake' and name 'training_pkg'
[0.830s] Level 1:colcon.colcon_core.package_discovery:discover_packages(recursive) using defaults
[0.830s] Level 1:colcon.colcon_core.package_discovery:discover_packages(ignore) discover
[0.830s] Level 1:colcon.colcon_core.package_discovery:discover_packages(ignore) using defaults
[0.830s] Level 1:colcon.colcon_core.package_discovery:discover_packages(path) discover
[0.830s] Level 1:colcon.colcon_core.package_discovery:discover_packages(path) using defaults
[0.839s] Level 1:colcon.colcon_core.package_discovery:discover_packages(prefix_path) check parameters
[0.840s] Level 1:colcon.colcon_core.package_discovery:discover_packages(prefix_path) discover
[0.841s] DEBUG:colcon.colcon_installed_package_information.package_discovery:Found 273 installed packages in /opt/ros/humble
[0.842s] Level 1:colcon.colcon_core.package_discovery:discover_packages(prefix_path) using defaults
[0.862s] Level 5:colcon.colcon_core.verb:set package 'training_pkg' build argument 'cmake_args' from command line to 'None'
[0.862s] Level 5:colcon.colcon_core.verb:set package 'training_pkg' build argument 'cmake_target' from command line to 'None'
[0.862s] Level 5:colcon.colcon_core.verb:set package 'training_pkg' build argument 'cmake_target_skip_unavailable' from command line to 'False'
[0.862s] Level 5:colcon.colcon_core.verb:set package 'training_pkg' build argument 'cmake_clean_cache' from command line to 'False'
[0.862s] Level 5:colcon.colcon_core.verb:set package 'training_pkg' build argument 'cmake_clean_first' from command line to 'False'
[0.862s] Level 5:colcon.colcon_core.verb:set package 'training_pkg' build argument 'cmake_force_configure' from command line to 'False'
[0.862s] Level 5:colcon.colcon_core.verb:set package 'training_pkg' build argument 'ament_cmake_args' from command line to 'None'
[0.862s] Level 5:colcon.colcon_core.verb:set package 'training_pkg' build argument 'catkin_cmake_args' from command line to 'None'
[0.862s] Level 5:colcon.colcon_core.verb:set package 'training_pkg' build argument 'catkin_skip_building_tests' from command line to 'False'
[0.862s] DEBUG:colcon.colcon_core.verb:Building package 'training_pkg' with the following arguments: {'ament_cmake_args': None, 'build_base': '/home/chenyihong/桌面/w2/build/training_pkg', 'catkin_cmake_args': None, 'catkin_skip_building_tests': False, 'cmake_args': None, 'cmake_clean_cache': False, 'cmake_clean_first': False, 'cmake_force_configure': False, 'cmake_target': None, 'cmake_target_skip_unavailable': False, 'install_base': '/home/chenyihong/桌面/w2/install/training_pkg', 'merge_install': False, 'path': '/home/chenyihong/桌面/w2/ros2_test/src/training_pkg', 'symlink_install': False, 'test_result_base': None}
[0.862s] INFO:colcon.colcon_core.executor:Executing jobs using 'parallel' executor
[0.863s] DEBUG:colcon.colcon_parallel_executor.executor.parallel:run_until_complete
[0.863s] INFO:colcon.colcon_ros.task.ament_cmake.build:Building ROS package in '/home/chenyihong/桌面/w2/ros2_test/src/training_pkg' with build type 'ament_cmake'
[0.863s] INFO:colcon.colcon_cmake.task.cmake.build:Building CMake package in '/home/chenyihong/桌面/w2/ros2_test/src/training_pkg'
[0.864s] INFO:colcon.colcon_core.plugin_system:Skipping extension 'colcon_core.shell.bat': Not used on non-Windows systems
[0.864s] INFO:colcon.colcon_core.shell:Skip shell extension 'powershell' for command environment: Not usable outside of PowerShell
[0.864s] DEBUG:colcon.colcon_core.shell:Skip shell extension 'dsv' for command environment
[0.869s] DEBUG:colcon.colcon_core.event_handler.log_command:Invoking command in '/home/chenyihong/桌面/w2/build/training_pkg': CMAKE_PREFIX_PATH=/opt/ros/humble /usr/bin/cmake /home/chenyihong/桌面/w2/ros2_test/src/training_pkg -DCMAKE_INSTALL_PREFIX=/home/chenyihong/桌面/w2/install/training_pkg
[1.526s] DEBUG:colcon.colcon_core.event_handler.log_command:Invoked command in '/home/chenyihong/桌面/w2/build/training_pkg' returned '0': CMAKE_PREFIX_PATH=/opt/ros/humble /usr/bin/cmake /home/chenyihong/桌面/w2/ros2_test/src/training_pkg -DCMAKE_INSTALL_PREFIX=/home/chenyihong/桌面/w2/install/training_pkg
[1.527s] DEBUG:colcon.colcon_core.event_handler.log_command:Invoking command in '/home/chenyihong/桌面/w2/build/training_pkg': CMAKE_PREFIX_PATH=/opt/ros/humble /usr/bin/cmake --build /home/chenyihong/桌面/w2/build/training_pkg -- -j20 -l20
[5.751s] DEBUG:colcon.colcon_core.event_handler.log_command:Invoked command in '/home/chenyihong/桌面/w2/build/training_pkg' returned '0': CMAKE_PREFIX_PATH=/opt/ros/humble /usr/bin/cmake --build /home/chenyihong/桌面/w2/build/training_pkg -- -j20 -l20
[5.758s] DEBUG:colcon.colcon_core.event_handler.log_command:Invoking command in '/home/chenyihong/桌面/w2/build/training_pkg': CMAKE_PREFIX_PATH=/opt/ros/humble /usr/bin/cmake --install /home/chenyihong/桌面/w2/build/training_pkg
[5.766s] Level 1:colcon.colcon_core.environment:create_environment_scripts_only(training_pkg)
[5.767s] DEBUG:colcon.colcon_core.event_handler.log_command:Invoked command in '/home/chenyihong/桌面/w2/build/training_pkg' returned '1': CMAKE_PREFIX_PATH=/opt/ros/humble /usr/bin/cmake --install /home/chenyihong/桌面/w2/build/training_pkg
[5.768s] Level 1:colcon.colcon_core.environment:checking '/home/chenyihong/桌面/w2/install/training_pkg' for CMake module files
[5.768s] Level 1:colcon.colcon_core.environment:checking '/home/chenyihong/桌面/w2/install/training_pkg' for CMake config files
[5.768s] Level 1:colcon.colcon_core.environment:checking '/home/chenyihong/桌面/w2/install/training_pkg/lib'
[5.768s] Level 1:colcon.colcon_core.environment:checking '/home/chenyihong/桌面/w2/install/training_pkg/bin'
[5.768s] Level 1:colcon.colcon_core.environment:checking '/home/chenyihong/桌面/w2/install/training_pkg/lib/pkgconfig/training_pkg.pc'
[5.769s] Level 1:colcon.colcon_core.environment:checking '/home/chenyihong/桌面/w2/install/training_pkg/lib/python3.10/site-packages'
[5.769s] Level 1:colcon.colcon_core.environment:checking '/home/chenyihong/桌面/w2/install/training_pkg/bin'
[5.769s] INFO:colcon.colcon_core.shell:Creating package script '/home/chenyihong/桌面/w2/install/training_pkg/share/training_pkg/package.ps1'
[5.769s] INFO:colcon.colcon_core.shell:Creating package descriptor '/home/chenyihong/桌面/w2/install/training_pkg/share/training_pkg/package.dsv'
[5.770s] INFO:colcon.colcon_core.shell:Creating package script '/home/chenyihong/桌面/w2/install/training_pkg/share/training_pkg/package.sh'
[5.770s] INFO:colcon.colcon_core.shell:Creating package script '/home/chenyihong/桌面/w2/install/training_pkg/share/training_pkg/package.bash'
[5.770s] INFO:colcon.colcon_core.shell:Creating package script '/home/chenyihong/桌面/w2/install/training_pkg/share/training_pkg/package.zsh'
[5.770s] Level 1:colcon.colcon_core.environment:create_file_with_runtime_dependencies(/home/chenyihong/桌面/w2/install/training_pkg/share/colcon-core/packages/training_pkg)
[5.781s] DEBUG:colcon.colcon_parallel_executor.executor.parallel:closing loop
[5.781s] DEBUG:colcon.colcon_parallel_executor.executor.parallel:loop closed
[5.781s] DEBUG:colcon.colcon_parallel_executor.executor.parallel:run_until_complete finished with '1'
[5.781s] DEBUG:colcon.colcon_core.event_reactor:joining thread
[5.784s] INFO:colcon.colcon_core.plugin_system:Skipping extension 'colcon_notification.desktop_notification.terminal_notifier': Not used on non-Darwin systems
[5.784s] INFO:colcon.colcon_core.plugin_system:Skipping extension 'colcon_notification.desktop_notification.win32': Not used on non-Windows systems
[5.784s] INFO:colcon.colcon_notification.desktop_notification:Sending desktop notification using 'notify2'
[5.794s] DEBUG:colcon.colcon_core.event_reactor:joined thread
[5.794s] INFO:colcon.colcon_core.shell:Creating prefix script '/home/chenyihong/桌面/w2/install/local_setup.ps1'
[5.795s] INFO:colcon.colcon_core.shell:Creating prefix util module '/home/chenyihong/桌面/w2/install/_local_setup_util_ps1.py'
[5.795s] INFO:colcon.colcon_core.shell:Creating prefix chain script '/home/chenyihong/桌面/w2/install/setup.ps1'
[5.796s] INFO:colcon.colcon_core.shell:Creating prefix script '/home/chenyihong/桌面/w2/install/local_setup.sh'
[5.796s] INFO:colcon.colcon_core.shell:Creating prefix util module '/home/chenyihong/桌面/w2/install/_local_setup_util_sh.py'
[5.796s] INFO:colcon.colcon_core.shell:Creating prefix chain script '/home/chenyihong/桌面/w2/install/setup.sh'
[5.797s] INFO:colcon.colcon_core.shell:Creating prefix script '/home/chenyihong/桌面/w2/install/local_setup.bash'
[5.797s] INFO:colcon.colcon_core.shell:Creating prefix chain script '/home/chenyihong/桌面/w2/install/setup.bash'
[5.797s] INFO:colcon.colcon_core.shell:Creating prefix script '/home/chenyihong/桌面/w2/install/local_setup.zsh'
[5.797s] INFO:colcon.colcon_core.shell:Creating prefix chain script '/home/chenyihong/桌面/w2/install/setup.zsh'
