[ 50%] Built target listener
[100%] Built target talker
-- Install configuration: ""
-- Up-to-date: /home/chenyihong/桌面/w2/install/training_pkg/lib/training_pkg/talker
-- Up-to-date: /home/chenyihong/桌面/w2/install/training_pkg/lib/training_pkg/listener
-- Up-to-date: /home/chenyihong/桌面/w2/install/training_pkg/share/training_pkg/launch
-- Up-to-date: /home/chenyihong/桌面/w2/install/training_pkg/share/training_pkg/launch/talk_listen.launch.py
-- Installing: /home/chenyihong/桌面/w2/install/training_pkg/share/training_pkg/params
-- Installing: /home/chenyihong/桌面/w2/install/training_pkg/share/training_pkg/params/params.yaml
-- Installing: /home/chenyihong/桌面/w2/install/training_pkg/share/ament_index/resource_index/package_run_dependencies/training_pkg
-- Installing: /home/chenyihong/桌面/w2/install/training_pkg/share/ament_index/resource_index/parent_prefix_path/training_pkg
-- Installing: /home/chenyihong/桌面/w2/install/training_pkg/share/training_pkg/environment/ament_prefix_path.sh
-- Installing: /home/chenyihong/桌面/w2/install/training_pkg/share/training_pkg/environment/ament_prefix_path.dsv
-- Installing: /home/chenyihong/桌面/w2/install/training_pkg/share/training_pkg/environment/path.sh
-- Installing: /home/chenyihong/桌面/w2/install/training_pkg/share/training_pkg/environment/path.dsv
-- Installing: /home/chenyihong/桌面/w2/install/training_pkg/share/training_pkg/local_setup.bash
-- Installing: /home/chenyihong/桌面/w2/install/training_pkg/share/training_pkg/local_setup.sh
-- Installing: /home/chenyihong/桌面/w2/install/training_pkg/share/training_pkg/local_setup.zsh
-- Installing: /home/chenyihong/桌面/w2/install/training_pkg/share/training_pkg/local_setup.dsv
-- Installing: /home/chenyihong/桌面/w2/install/training_pkg/share/training_pkg/package.dsv
-- Installing: /home/chenyihong/桌面/w2/install/training_pkg/share/ament_index/resource_index/packages/training_pkg
-- Installing: /home/chenyihong/桌面/w2/install/training_pkg/share/training_pkg/cmake/training_pkgConfig.cmake
-- Installing: /home/chenyihong/桌面/w2/install/training_pkg/share/training_pkg/cmake/training_pkgConfig-version.cmake
-- Installing: /home/chenyihong/桌面/w2/install/training_pkg/share/training_pkg/package.xml
